Build started 3.4.17 14:51:26.
     1>Project "C:\Users\wat\Source\Repos\ualbertabot\StarAlgo\StarAlgo.vcxproj" on node 2 (Build target(s)).
     1>ClCompile:
         C:\Program Files (x86)\Microsoft Visual Studio 12.0\VC\bin\CL.exe /c /IC:\Users\wat\g\BWTA2/include/ /IC:\Users\wat\g\BWAPI/include/ /ZI /nologo /W3 /WX- /MP /Od /Oy- /D _UNICODE /D UNICODE /Gm /EHsc /RTC1 /MDd /GS /fp:precise /Zc:wchar_t /Zc:forScope /Yu"stdafx.h" /Fp"Debug\StarAlgo.pch" /Fo"Debug\\" /Fd"Debug\vc120.pdb" /Gd /TP /analyze- /errorReport:prompt Source\ActionGenerator.cpp
         ActionGenerator.cpp
     1>c:\users\wat\source\repos\ualbertabot\staralgo\source\actiongenerator.cpp(20): warning C4101: 'x' : unreferenced local variable
     1>c:\users\wat\source\repos\ualbertabot\staralgo\source\actiongenerator.cpp(90): error C2678: binary '[' : no operator found which takes a left-hand operand of type 'const std::map<int,BWTA::Region *,std::less<_Kty>,std::allocator<std::pair<const _Kty,_Ty>>>' (or there is no acceptable conversion)
                 with
                 [
                     _Kty=int
         ,            _Ty=BWTA::Region *
                 ]
                 c:\program files (x86)\microsoft visual studio 12.0\vc\include\map(224): could be 'BWTA::Region *&std::map<int,BWTA::Region *,std::less<_Kty>,std::allocator<std::pair<const _Kty,_Ty>>>::operator [](const int &)'
                 with
                 [
                     _Kty=int
         ,            _Ty=BWTA::Region *
                 ]
                 c:\program files (x86)\microsoft visual studio 12.0\vc\include\map(172): or       'BWTA::Region *&std::map<int,BWTA::Region *,std::less<_Kty>,std::allocator<std::pair<const _Kty,_Ty>>>::operator [](int &&)'
                 with
                 [
                     _Kty=int
         ,            _Ty=BWTA::Region *
                 ]
                 while trying to match the argument list '(const std::map<int,BWTA::Region *,std::less<_Kty>,std::allocator<std::pair<const _Kty,_Ty>>>, uint8_t)'
                 with
                 [
                     _Kty=int
         ,            _Ty=BWTA::Region *
                 ]
     1>c:\users\wat\source\repos\ualbertabot\staralgo\source\actiongenerator.cpp(94): error C2678: binary '[' : no operator found which takes a left-hand operand of type 'const std::map<BWTA::Chokepoint *,int,std::less<_Kty>,std::allocator<std::pair<const _Kty,_Ty>>>' (or there is no acceptable conversion)
                 with
                 [
                     _Kty=BWTA::Chokepoint *
         ,            _Ty=int
                 ]
                 c:\program files (x86)\microsoft visual studio 12.0\vc\include\map(224): could be 'int &std::map<BWTA::Chokepoint *,int,std::less<_Kty>,std::allocator<std::pair<const _Kty,_Ty>>>::operator [](BWTA::Chokepoint *const &)'
                 with
                 [
                     _Kty=BWTA::Chokepoint *
         ,            _Ty=int
                 ]
                 c:\program files (x86)\microsoft visual studio 12.0\vc\include\map(172): or       'int &std::map<BWTA::Chokepoint *,int,std::less<_Kty>,std::allocator<std::pair<const _Kty,_Ty>>>::operator [](BWTA::Chokepoint *&&)'
                 with
                 [
                     _Kty=BWTA::Chokepoint *
         ,            _Ty=int
                 ]
                 while trying to match the argument list '(const std::map<BWTA::Chokepoint *,int,std::less<_Kty>,std::allocator<std::pair<const _Kty,_Ty>>>, BWTA::Chokepoint *const )'
                 with
                 [
                     _Kty=BWTA::Chokepoint *
         ,            _Ty=int
                 ]
     1>c:\users\wat\source\repos\ualbertabot\staralgo\source\actiongenerator.cpp(102): error C2678: binary '[' : no operator found which takes a left-hand operand of type 'const std::map<BWTA::Region *,int,std::less<_Kty>,std::allocator<std::pair<const _Kty,_Ty>>>' (or there is no acceptable conversion)
                 with
                 [
                     _Kty=BWTA::Region *
         ,            _Ty=int
                 ]
                 c:\program files (x86)\microsoft visual studio 12.0\vc\include\map(224): could be 'int &std::map<BWTA::Region *,int,std::less<_Kty>,std::allocator<std::pair<const _Kty,_Ty>>>::operator [](BWTA::Region *const &)'
                 with
                 [
                     _Kty=BWTA::Region *
         ,            _Ty=int
                 ]
                 c:\program files (x86)\microsoft visual studio 12.0\vc\include\map(172): or       'int &std::map<BWTA::Region *,int,std::less<_Kty>,std::allocator<std::pair<const _Kty,_Ty>>>::operator [](BWTA::Region *&&)'
                 with
                 [
                     _Kty=BWTA::Region *
         ,            _Ty=int
                 ]
                 while trying to match the argument list '(const std::map<BWTA::Region *,int,std::less<_Kty>,std::allocator<std::pair<const _Kty,_Ty>>>, BWTA::Region *const )'
                 with
                 [
                     _Kty=BWTA::Region *
         ,            _Ty=int
                 ]
     1>c:\users\wat\source\repos\ualbertabot\staralgo\source\actiongenerator.cpp(103): error C2678: binary '[' : no operator found which takes a left-hand operand of type 'const std::map<BWTA::Region *,int,std::less<_Kty>,std::allocator<std::pair<const _Kty,_Ty>>>' (or there is no acceptable conversion)
                 with
                 [
                     _Kty=BWTA::Region *
         ,            _Ty=int
                 ]
                 c:\program files (x86)\microsoft visual studio 12.0\vc\include\map(224): could be 'int &std::map<BWTA::Region *,int,std::less<_Kty>,std::allocator<std::pair<const _Kty,_Ty>>>::operator [](BWTA::Region *const &)'
                 with
                 [
                     _Kty=BWTA::Region *
         ,            _Ty=int
                 ]
                 c:\program files (x86)\microsoft visual studio 12.0\vc\include\map(172): or       'int &std::map<BWTA::Region *,int,std::less<_Kty>,std::allocator<std::pair<const _Kty,_Ty>>>::operator [](BWTA::Region *&&)'
                 with
                 [
                     _Kty=BWTA::Region *
         ,            _Ty=int
                 ]
                 while trying to match the argument list '(const std::map<BWTA::Region *,int,std::less<_Kty>,std::allocator<std::pair<const _Kty,_Ty>>>, BWTA::Region *const )'
                 with
                 [
                     _Kty=BWTA::Region *
         ,            _Ty=int
                 ]
     1>c:\users\wat\source\repos\ualbertabot\staralgo\source\actiongenerator.cpp(104): error C2678: binary '[' : no operator found which takes a left-hand operand of type 'const std::map<BWTA::Region *,int,std::less<_Kty>,std::allocator<std::pair<const _Kty,_Ty>>>' (or there is no acceptable conversion)
                 with
                 [
                     _Kty=BWTA::Region *
         ,            _Ty=int
                 ]
                 c:\program files (x86)\microsoft visual studio 12.0\vc\include\map(224): could be 'int &std::map<BWTA::Region *,int,std::less<_Kty>,std::allocator<std::pair<const _Kty,_Ty>>>::operator [](BWTA::Region *const &)'
                 with
                 [
                     _Kty=BWTA::Region *
         ,            _Ty=int
                 ]
                 c:\program files (x86)\microsoft visual studio 12.0\vc\include\map(172): or       'int &std::map<BWTA::Region *,int,std::less<_Kty>,std::allocator<std::pair<const _Kty,_Ty>>>::operator [](BWTA::Region *&&)'
                 with
                 [
                     _Kty=BWTA::Region *
         ,            _Ty=int
                 ]
                 while trying to match the argument list '(const std::map<BWTA::Region *,int,std::less<_Kty>,std::allocator<std::pair<const _Kty,_Ty>>>, BWTA::Region *const )'
                 with
                 [
                     _Kty=BWTA::Region *
         ,            _Ty=int
                 ]
     1>c:\users\wat\source\repos\ualbertabot\staralgo\source\actiongenerator.cpp(115): error C2678: binary '[' : no operator found which takes a left-hand operand of type 'const std::map<int,BWTA::Chokepoint *,std::less<_Kty>,std::allocator<std::pair<const _Kty,_Ty>>>' (or there is no acceptable conversion)
                 with
                 [
                     _Kty=int
         ,            _Ty=BWTA::Chokepoint *
                 ]
                 c:\program files (x86)\microsoft visual studio 12.0\vc\include\map(224): could be 'BWTA::Chokepoint *&std::map<int,BWTA::Chokepoint *,std::less<_Kty>,std::allocator<std::pair<const _Kty,_Ty>>>::operator [](const int &)'
                 with
                 [
                     _Kty=int
         ,            _Ty=BWTA::Chokepoint *
                 ]
                 c:\program files (x86)\microsoft visual studio 12.0\vc\include\map(172): or       'BWTA::Chokepoint *&std::map<int,BWTA::Chokepoint *,std::less<_Kty>,std::allocator<std::pair<const _Kty,_Ty>>>::operator [](int &&)'
                 with
                 [
                     _Kty=int
         ,            _Ty=BWTA::Chokepoint *
                 ]
                 while trying to match the argument list '(const std::map<int,BWTA::Chokepoint *,std::less<_Kty>,std::allocator<std::pair<const _Kty,_Ty>>>, uint8_t)'
                 with
                 [
                     _Kty=int
         ,            _Ty=BWTA::Chokepoint *
                 ]
     1>c:\users\wat\source\repos\ualbertabot\staralgo\source\actiongenerator.cpp(118): error C2678: binary '[' : no operator found which takes a left-hand operand of type 'const std::map<BWTA::Region *,int,std::less<_Kty>,std::allocator<std::pair<const _Kty,_Ty>>>' (or there is no acceptable conversion)
                 with
                 [
                     _Kty=BWTA::Region *
         ,            _Ty=int
                 ]
                 c:\program files (x86)\microsoft visual studio 12.0\vc\include\map(224): could be 'int &std::map<BWTA::Region *,int,std::less<_Kty>,std::allocator<std::pair<const _Kty,_Ty>>>::operator [](BWTA::Region *const &)'
                 with
                 [
                     _Kty=BWTA::Region *
         ,            _Ty=int
                 ]
                 c:\program files (x86)\microsoft visual studio 12.0\vc\include\map(172): or       'int &std::map<BWTA::Region *,int,std::less<_Kty>,std::allocator<std::pair<const _Kty,_Ty>>>::operator [](BWTA::Region *&&)'
                 with
                 [
                     _Kty=BWTA::Region *
         ,            _Ty=int
                 ]
                 while trying to match the argument list '(const std::map<BWTA::Region *,int,std::less<_Kty>,std::allocator<std::pair<const _Kty,_Ty>>>, BWTA::Region *const )'
                 with
                 [
                     _Kty=BWTA::Region *
         ,            _Ty=int
                 ]
     1>c:\users\wat\source\repos\ualbertabot\staralgo\source\actiongenerator.cpp(119): error C2678: binary '[' : no operator found which takes a left-hand operand of type 'const std::map<BWTA::Region *,int,std::less<_Kty>,std::allocator<std::pair<const _Kty,_Ty>>>' (or there is no acceptable conversion)
                 with
                 [
                     _Kty=BWTA::Region *
         ,            _Ty=int
                 ]
                 c:\program files (x86)\microsoft visual studio 12.0\vc\include\map(224): could be 'int &std::map<BWTA::Region *,int,std::less<_Kty>,std::allocator<std::pair<const _Kty,_Ty>>>::operator [](BWTA::Region *const &)'
                 with
                 [
                     _Kty=BWTA::Region *
         ,            _Ty=int
                 ]
                 c:\program files (x86)\microsoft visual studio 12.0\vc\include\map(172): or       'int &std::map<BWTA::Region *,int,std::less<_Kty>,std::allocator<std::pair<const _Kty,_Ty>>>::operator [](BWTA::Region *&&)'
                 with
                 [
                     _Kty=BWTA::Region *
         ,            _Ty=int
                 ]
                 while trying to match the argument list '(const std::map<BWTA::Region *,int,std::less<_Kty>,std::allocator<std::pair<const _Kty,_Ty>>>, BWTA::Region *const )'
                 with
                 [
                     _Kty=BWTA::Region *
         ,            _Ty=int
                 ]
     1>c:\users\wat\source\repos\ualbertabot\staralgo\source\actiongenerator.cpp(178): error C2661: 'playerAction_t::playerAction_t' : no overloaded function takes 2 arguments
     1>c:\users\wat\source\repos\ualbertabot\staralgo\source\actiongenerator.cpp(293): error C2065: '_gs' : undeclared identifier
     1>c:\users\wat\source\repos\ualbertabot\staralgo\source\actiongenerator.cpp(293): error C2227: left of '->_distanceBetweenRegions' must point to class/struct/union/generic type
                 type is 'unknown-type'
     1>c:\users\wat\source\repos\ualbertabot\staralgo\source\actiongenerator.cpp(294): error C2065: '_gs' : undeclared identifier
     1>c:\users\wat\source\repos\ualbertabot\staralgo\source\actiongenerator.cpp(294): error C2227: left of '->_distanceBetweenRegions' must point to class/struct/union/generic type
                 type is 'unknown-type'
     1>c:\users\wat\source\repos\ualbertabot\staralgo\source\actiongenerator.cpp(342): error C2065: 'stringToProbName' : undeclared identifier
     1>c:\users\wat\source\repos\ualbertabot\staralgo\source\actiongenerator.cpp(350): error C2065: 'priorProb' : undeclared identifier
     1>c:\users\wat\source\repos\ualbertabot\staralgo\source\actiongenerator.cpp(367): error C2065: 'likelihoodProb' : undeclared identifier
     1>c:\users\wat\source\repos\ualbertabot\staralgo\source\actiongenerator.cpp(374): error C2065: 'likelihoodProb' : undeclared identifier
     1>c:\users\wat\source\repos\ualbertabot\staralgo\source\actiongenerator.cpp(390): error C2065: 'stringToProbName' : undeclared identifier
     1>Done Building Project "C:\Users\wat\Source\Repos\ualbertabot\StarAlgo\StarAlgo.vcxproj" (Build target(s)) -- FAILED.

Build FAILED.

Time Elapsed 00:00:00.82
